<?xml version="1.0" encoding="UTF-8"?>
<!-- Generated by org.testng.reporters.JUnitReportReporter -->
<testsuite hostname="C858LCOK" failures="0" tests="6" name="Pet.tests.LandingPageTest" time="1.770" errors="1" timestamp="2022-10-13T20:11:16 IST" skipped="5">
  <testcase classname="Pet.tests.LandingPageTest" name="addToCart" time="0.000">
    <skipped/>
  </testcase> <!-- addToCart -->
  <system-out/>
  <testcase classname="Pet.tests.LandingPageTest" name="clickGoldfishLink" time="0.000">
    <skipped/>
  </testcase> <!-- clickGoldfishLink -->
  <system-out/>
  <testcase classname="Pet.tests.LandingPageTest" name="proceedToCheckOut" time="0.000">
    <skipped/>
  </testcase> <!-- proceedToCheckOut -->
  <system-out/>
  <testcase classname="Pet.tests.LandingPageTest" name="loginToPetStore" time="1.769">
    <error message="Cannot invoke &quot;Pet.PageObject.LandingPage.login(String, String)&quot; because &quot;this.landingPage&quot; is null" type="java.lang.NullPointerException">
      <![CDATA[java.lang.NullPointerException: Cannot invoke "Pet.PageObject.LandingPage.login(String, String)" because "this.landingPage" is null
at Pet.tests.LandingPageTest.loginToPetStore(LandingPageTest.java:28)
at java.base/jdk.internal.reflect.NativeMethodAccessorImpl.invoke0(Native Method)
at java.base/jdk.internal.reflect.NativeMethodAccessorImpl.invoke(NativeMethodAccessorImpl.java:77)
at java.base/jdk.internal.reflect.DelegatingMethodAccessorImpl.invoke(DelegatingMethodAccessorImpl.java:43)
at java.base/java.lang.reflect.Method.invoke(Method.java:568)
at org.testng.internal.MethodInvocationHelper.invokeMethod(MethodInvocationHelper.java:133)
at org.testng.internal.TestInvoker.invokeMethod(TestInvoker.java:598)
at org.testng.internal.TestInvoker.invokeTestMethod(TestInvoker.java:173)
at org.testng.internal.MethodRunner.runInSequence(MethodRunner.java:46)
at org.testng.internal.TestInvoker$MethodInvocationAgent.invoke(TestInvoker.java:824)
at org.testng.internal.TestInvoker.invokeTestMethods(TestInvoker.java:146)
at org.testng.internal.TestMethodWorker.invokeTestMethods(TestMethodWorker.java:146)
at org.testng.internal.TestMethodWorker.run(TestMethodWorker.java:128)
at java.base/java.util.ArrayList.forEach(ArrayList.java:1511)
at org.testng.TestRunner.privateRun(TestRunner.java:794)
at org.testng.TestRunner.run(TestRunner.java:596)
at org.testng.SuiteRunner.runTest(SuiteRunner.java:377)
at org.testng.SuiteRunner.runSequentially(SuiteRunner.java:371)
at org.testng.SuiteRunner.privateRun(SuiteRunner.java:332)
at org.testng.SuiteRunner.run(SuiteRunner.java:276)
at org.testng.SuiteRunnerWorker.runSuite(SuiteRunnerWorker.java:53)
at org.testng.SuiteRunnerWorker.run(SuiteRunnerWorker.java:96)
at org.testng.TestNG.runSuitesSequentially(TestNG.java:1212)
at org.testng.TestNG.runSuitesLocally(TestNG.java:1134)
at org.testng.TestNG.runSuites(TestNG.java:1063)
at org.testng.TestNG.run(TestNG.java:1031)
at org.testng.remote.AbstractRemoteTestNG.run(AbstractRemoteTestNG.java:115)
at org.testng.remote.RemoteTestNG.initAndRun(RemoteTestNG.java:251)
at org.testng.remote.RemoteTestNG.main(RemoteTestNG.java:77)
]]>
    </error>
  </testcase> <!-- loginToPetStore -->
  <system-out/>
  <testcase classname="Pet.tests.LandingPageTest" name="clicksFishOnSidebar" time="0.001">
    <skipped/>
  </testcase> <!-- clicksFishOnSidebar -->
  <system-out/>
  <testcase classname="Pet.tests.LandingPageTest" name="userConfirmOrder" time="0.000">
    <skipped/>
  </testcase> <!-- userConfirmOrder -->
  <system-out/>
</testsuite> <!-- Pet.tests.LandingPageTest -->
